
# git
git
meld     # Diff-Tool
git-cola # GUI Git Frontend
tig      # Terminal Git Frontend

# java
openjdk-11-jdk
openjdk-11-doc
openjdk-18-jdk
openjdk-18-source
openjdk-18-jre

# java_dev
ant
maven

# Webserver mit Apache
apache2              # Webserver
libapache2-mod-php   # PHP-Integration in Apache
php
php-mysql
php-mbstring
php-ldap
php-curl
php-xml
php-xdebug
php-sqlite3
php-gd
libapache2-mod-xsendfile

# c
g++     # GNU C/C++ Compiler
make    # Maketool
remake  # Makefile Debugger
cmake   # Meta-Make

# python3
python3      # Skriptsprache
python3-venv # Virtuelle Umgebungen
python3-virtualenv # Virtuelle Umgebungen
python3-pip  # Paketmanager für Python

# sqlite
sqlite3        # sqlite Datenbank
sqlite3-doc
sqlitebrowser

# Datenbank
mariadb-server # MySQL Datenbank

# Funktionale Programmierung (Vorlesung PR3)
clojure
clisp
rlwrap
leiningen

