# Datenbank
mariadb
mariadb-clients
phpmyadmin
sqlite
sqlitebrowser

# Server
apache
php-apache
php-sqlite
openssh

# network
network-manager-applet
nmap
net-tools
openbsd-netcat
whois
wireshark-cli
wireshark-qt
inetutils
openconnect
remmina
mailutils

# System-Tools
restic
ripgrep-all
rlwrap
rsync
scrypt
smbclient
bat
cifs-utils
curl
fdupes
fuse2
gparted
baobab     # Disk-Usage Analyzer
htop
mc
moreutils
ncurses
neovim     # better vim
dos2unix
duplicity
flatpak
jq
vim
unrar
p7zip
udiskie # Automounter
zsh
zsh-autosuggestions
zsh-completions
zsh-syntax-highlighting
zsh-theme-powerlevel10k
fish
clusterssh

# Crypto
age
gnupg
keepassxc

# Textverarbeitung
hunspell
hunspell-de
hunspell-en_us
hyphen-de
hyphen-en

# Bibliotheken
gdbm
gtkmm
libcanberra
libffi
libtool
libu2f-server
libyaml
linux-headers
pcsclite
vte-common
zlib
phonon-qt5-gstreamer
noto-fonts-emoji
virtualbox-host-dkms
openssl
